# JRE version: OpenJDK Runtime Environment (21.0.3) (build 21.0.3+-12282718-b509.11)
# Java VM: OpenJDK 64-Bit Server VM (21.0.3+-12282718-b509.11, mixed mode, tiered, compressed oops, compressed class ptrs, g1 gc, windows-amd64)
GC Precious Log:
 CardTable entry size: 512
 Card Set container configuration: InlinePtr #cards 5 size 8 Array Of Cards #cards 12 size 40 Howl #buckets 4 coarsen threshold 1843 Howl Bitmap #cards 512 size 80 coarsen threshold 460 Card regions per heap region 1 cards per card region 2048
 CPUs: 12 total, 12 available
 Memory: 7580M
 Large Page Support: Disabled
 NUMA Support: Disabled
 Compressed Oops: Enabled (32-bit)
 Heap Region Size: 1M
 Heap Min Capacity: 8M
 Heap Initial Capacity: 120M
 Heap Max Capacity: 2G
 Pre-touch: Disabled
 Parallel Workers: 10
 Concurrent Workers: 3
 Concurrent Refinement Workers: 10
 Periodic GC: Disabled
Heap:
 garbage-first heap   total 209920K, used 157819K [0x0000000080000000, 0x0000000100000000)
  region size 1024K, 41 young (41984K), 5 survivors (5120K)
 Metaspace       used 120976K, committed 123072K, reserved 1179648K
  class space    used 16424K, committed 17472K, reserved 1048576K
GC Heap History (20 events):
Event: 164.744 GC heap before
{Heap before GC invocations=37 (full 0):
 garbage-first heap   total 145408K, used 131001K [0x0000000080000000, 0x0000000100000000)
  region size 1024K, 43 young (44032K), 4 survivors (4096K)
 Metaspace       used 95756K, committed 97664K, reserved 1179648K
  class space    used 12873K, committed 13824K, reserved 1048576K
}
Event: 164.787 GC heap after
{Heap after GC invocations=38 (full 0):
 garbage-first heap   total 145408K, used 95278K [0x0000000080000000, 0x0000000100000000)
  region size 1024K, 6 young (6144K), 6 survivors (6144K)
 Metaspace       used 95756K, committed 97664K, reserved 1179648K
  class space    used 12873K, committed 13824K, reserved 1048576K
}
Event: 168.355 GC heap before
{Heap before GC invocations=39 (full 0):
 garbage-first heap   total 167936K, used 129070K [0x0000000080000000, 0x0000000100000000)
  region size 1024K, 39 young (39936K), 6 survivors (6144K)
 Metaspace       used 98156K, committed 100032K, reserved 1179648K
  class space    used 13184K, committed 14144K, reserved 1048576K
}
Event: 168.363 GC heap after
{Heap after GC invocations=40 (full 0):
 garbage-first heap   total 167936K, used 97160K [0x0000000080000000, 0x0000000100000000)
  region size 1024K, 3 young (3072K), 3 survivors (3072K)
 Metaspace       used 98156K, committed 100032K, reserved 1179648K
  class space    used 13184K, committed 14144K, reserved 1048576K
}
Event: 170.892 GC heap before
{Heap before GC invocations=40 (full 0):
 garbage-first heap   total 167936K, used 151432K [0x0000000080000000, 0x0000000100000000)
  region size 1024K, 55 young (56320K), 3 survivors (3072K)
 Metaspace       used 102378K, committed 104320K, reserved 1179648K
  class space    used 13872K, committed 14848K, reserved 1048576K
}
Event: 170.920 GC heap after
{Heap after GC invocations=41 (full 0):
 garbage-first heap   total 167936K, used 97380K [0x0000000080000000, 0x0000000100000000)
  region size 1024K, 4 young (4096K), 4 survivors (4096K)
 Metaspace       used 102378K, committed 104320K, reserved 1179648K
  class space    used 13872K, committed 14848K, reserved 1048576K
}
Event: 175.854 GC heap before
{Heap before GC invocations=41 (full 0):
 garbage-first heap   total 167936K, used 152676K [0x0000000080000000, 0x0000000100000000)
  region size 1024K, 58 young (59392K), 4 survivors (4096K)
 Metaspace       used 106383K, committed 108352K, reserved 1179648K
  class space    used 14490K, committed 15488K, reserved 1048576K
}
Event: 175.867 GC heap after
{Heap after GC invocations=42 (full 0):
 garbage-first heap   total 167936K, used 100086K [0x0000000080000000, 0x0000000100000000)
  region size 1024K, 6 young (6144K), 6 survivors (6144K)
 Metaspace       used 106383K, committed 108352K, reserved 1179648K
  class space    used 14490K, committed 15488K, reserved 1048576K
}
Event: 180.585 GC heap before
{Heap before GC invocations=43 (full 0):
 garbage-first heap   total 171008K, used 152310K [0x0000000080000000, 0x0000000100000000)
  region size 1024K, 57 young (58368K), 6 survivors (6144K)
 Metaspace       used 109939K, committed 112000K, reserved 1179648K
  class space    used 15047K, committed 16064K, reserved 1048576K
}
Event: 180.635 GC heap after
{Heap after GC invocations=44 (full 0):
 garbage-first heap   total 171008K, used 103920K [0x0000000080000000, 0x0000000100000000)
  region size 1024K, 8 young (8192K), 8 survivors (8192K)
 Metaspace       used 109939K, committed 112000K, reserved 1179648K
  class space    used 15047K, committed 16064K, reserved 1048576K
}
Event: 183.122 GC heap before
{Heap before GC invocations=44 (full 0):
 garbage-first heap   total 171008K, used 153072K [0x0000000080000000, 0x0000000100000000)
  region size 1024K, 56 young (57344K), 8 survivors (8192K)
 Metaspace       used 114611K, committed 116672K, reserved 1179648K
  class space    used 15691K, committed 16704K, reserved 1048576K
}
Event: 183.135 GC heap after
{Heap after GC invocations=45 (full 0):
 garbage-first heap   total 171008K, used 105576K [0x0000000080000000, 0x0000000100000000)
  region size 1024K, 7 young (7168K), 7 survivors (7168K)
 Metaspace       used 114611K, committed 116672K, reserved 1179648K
  class space    used 15691K, committed 16704K, reserved 1048576K
}
Event: 187.302 GC heap before
{Heap before GC invocations=45 (full 0):
 garbage-first heap   total 171008K, used 152680K [0x0000000080000000, 0x0000000100000000)
  region size 1024K, 54 young (55296K), 7 survivors (7168K)
 Metaspace       used 117394K, committed 119488K, reserved 1179648K
  class space    used 16004K, committed 17024K, reserved 1048576K
}
Event: 187.371 GC heap after
{Heap after GC invocations=46 (full 0):
 garbage-first heap   total 171008K, used 111692K [0x0000000080000000, 0x0000000100000000)
  region size 1024K, 7 young (7168K), 7 survivors (7168K)
 Metaspace       used 117394K, committed 119488K, reserved 1179648K
  class space    used 16004K, committed 17024K, reserved 1048576K
}
Event: 191.252 GC heap before
{Heap before GC invocations=47 (full 0):
 garbage-first heap   total 199680K, used 155724K [0x0000000080000000, 0x0000000100000000)
  region size 1024K, 46 young (47104K), 7 survivors (7168K)
 Metaspace       used 120427K, committed 122560K, reserved 1179648K
  class space    used 16345K, committed 17408K, reserved 1048576K
}
Event: 191.313 GC heap after
{Heap after GC invocations=48 (full 0):
 garbage-first heap   total 199680K, used 117246K [0x0000000080000000, 0x0000000100000000)
  region size 1024K, 6 young (6144K), 6 survivors (6144K)
 Metaspace       used 120427K, committed 122560K, reserved 1179648K
  class space    used 16345K, committed 17408K, reserved 1048576K
}
Event: 196.522 GC heap before
{Heap before GC invocations=48 (full 0):
 garbage-first heap   total 199680K, used 180734K [0x0000000080000000, 0x0000000100000000)
  region size 1024K, 69 young (70656K), 6 survivors (6144K)
 Metaspace       used 120643K, committed 122752K, reserved 1179648K
  class space    used 16357K, committed 17408K, reserved 1048576K
}
Event: 196.540 GC heap after
{Heap after GC invocations=49 (full 0):
 garbage-first heap   total 199680K, used 121395K [0x0000000080000000, 0x0000000100000000)
  region size 1024K, 6 young (6144K), 6 survivors (6144K)
 Metaspace       used 120643K, committed 122752K, reserved 1179648K
  class space    used 16357K, committed 17408K, reserved 1048576K
}
Event: 200.214 GC heap before
{Heap before GC invocations=49 (full 0):
 garbage-first heap   total 199680K, used 180787K [0x0000000080000000, 0x0000000100000000)
  region size 1024K, 64 young (65536K), 6 survivors (6144K)
 Metaspace       used 120661K, committed 122752K, reserved 1179648K
  class space    used 16357K, committed 17408K, reserved 1048576K
}
Event: 200.255 GC heap after
{Heap after GC invocations=50 (full 0):
 garbage-first heap   total 199680K, used 123003K [0x0000000080000000, 0x0000000100000000)
  region size 1024K, 5 young (5120K), 5 survivors (5120K)
 Metaspace       used 120661K, committed 122752K, reserved 1179648K
  class space    used 16357K, committed 17408K, reserved 1048576K
}

